<?xml version="1.0" encoding="utf-8"?><testsuites name="pytest tests"><testsuite name="pytest" errors="0" failures="0" skipped="0" tests="270" time="40.996" timestamp="2026-05-31T00:09:09.752004+05:30" hostname="DESKTOP-HKFV0U7"><testcase classname="tests.scenarios.test_all_stage_events" name="test_all_stage_events_populates_funnel" time="0.869" /><testcase classname="tests.scenarios.test_all_stage_events" name="test_all_stage_events_populates_heatmap" time="0.317" /><testcase classname="tests.scenarios.test_all_stage_events" name="test_all_stage_events_api_endpoints" time="0.480" /><testcase classname="tests.scenarios.test_all_stage_events" name="test_all_stage_events_health_feed_fresh" time="0.304" /><testcase classname="tests.scenarios.test_bi_full_validation" name="test_bi_golden_retail_day_all_endpoints" time="0.462" /><testcase classname="tests.scenarios.test_bi_full_validation" name="test_staff_events_excluded_from_customer_metrics" time="0.150" /><testcase classname="tests.scenarios.test_bi_full_validation" name="test_reentry_does_not_double_count_funnel_visitors" time="0.143" /><testcase classname="tests.scenarios.test_bi_full_validation" name="test_duplicate_batch_ingest_is_idempotent" time="0.439" /><testcase classname="tests.scenarios.test_bi_full_validation" name="test_empty_store_endpoints_stable" time="0.358" /><testcase classname="tests.scenarios.test_bi_full_validation" name="test_zero_purchase_funnel_drop_off" time="0.211" /><testcase classname="tests.scenarios.test_bi_full_validation" name="test_full_pipeline_to_anomalies_chain" time="5.940" /><testcase classname="tests.scenarios.test_bi_full_validation" name="test_validation_report_snapshot_matches_golden_day" time="0.005" /><testcase classname="tests.scenarios.test_conversion_drop" name="test_conversion_drop_detected_by_service" time="0.466" /><testcase classname="tests.scenarios.test_conversion_drop" name="test_conversion_drop_api" time="0.486" /><testcase classname="tests.scenarios.test_conversion_drop" name="test_conversion_drop_not_triggered_when_stable" time="0.425" /><testcase classname="tests.scenarios.test_duplicate_ingestion" name="test_duplicate_event_id_rejected" time="0.139" /><testcase classname="tests.scenarios.test_duplicate_ingestion" name="test_duplicate_idempotency_key_rejected" time="0.141" /><testcase classname="tests.scenarios.test_duplicate_ingestion" name="test_duplicate_ingest_api_idempotency_key" time="0.202" /><testcase classname="tests.scenarios.test_duplicate_ingestion" name="test_duplicate_batch_event_id_api" time="0.249" /><testcase classname="tests.scenarios.test_empty_store" name="test_funnel_empty_store_api" time="0.180" /><testcase classname="tests.scenarios.test_empty_store" name="test_heatmap_empty_store_api" time="0.165" /><testcase classname="tests.scenarios.test_empty_store" name="test_anomalies_empty_store_api" time="0.225" /><testcase classname="tests.scenarios.test_empty_store" name="test_metrics_empty_store_placeholder" time="0.175" /><testcase classname="tests.scenarios.test_empty_store" name="test_funnel_service_empty_store" time="0.133" /><testcase classname="tests.scenarios.test_empty_store" name="test_heatmap_service_empty_store" time="0.112" /><testcase classname="tests.scenarios.test_pipeline_e2e" name="test_pipeline_video_to_metrics_e2e" time="0.645" /><testcase classname="tests.scenarios.test_pipeline_e2e" name="test_pipeline_sample_events_validate_and_batch_ingest" time="0.272" /><testcase classname="tests.scenarios.test_pipeline_e2e" name="test_pipeline_ingest_client_batch_partition" time="0.004" /><testcase classname="tests.scenarios.test_queue_spike" name="test_queue_spike_detected_by_service" time="0.203" /><testcase classname="tests.scenarios.test_queue_spike" name="test_queue_spike_api" time="0.276" /><testcase classname="tests.scenarios.test_queue_spike" name="test_queue_spike_not_triggered_when_stable" time="0.176" /><testcase classname="tests.scenarios.test_reentry" name="test_reentry_increments_reentry_count_only" time="0.135" /><testcase classname="tests.scenarios.test_reentry" name="test_reentry_api_exposes_reentry_count" time="0.219" /><testcase classname="tests.scenarios.test_reentry" name="test_reentry_heatmap_counts_each_enter" time="0.150" /><testcase classname="tests.scenarios.test_stale_feed" name="test_stale_feed_anomaly_when_no_events" time="0.158" /><testcase classname="tests.scenarios.test_stale_feed" name="test_stale_feed_warn_when_feed_aged" time="0.162" /><testcase classname="tests.scenarios.test_stale_feed" name="test_stale_feed_not_reported_when_fresh" time="0.158" /><testcase classname="tests.scenarios.test_stale_feed" name="test_health_degraded_on_stale_feed" time="0.177" /><testcase classname="tests.scenarios.test_stale_feed" name="test_health_service_stale_feed_critical_no_events" time="0.096" /><testcase classname="tests.scenarios.test_stale_feed" name="test_stale_feed_api" time="0.212" /><testcase classname="tests.scenarios.test_zero_purchases" name="test_zero_purchases_funnel_counts" time="0.158" /><testcase classname="tests.scenarios.test_zero_purchases" name="test_zero_purchases_api" time="0.186" /><testcase classname="tests.scenarios.test_zero_purchases" name="test_zero_purchases_cohort_conversion_rate" time="0.215" /><testcase classname="tests.test_analytics_service" name="test_metrics_returns_store_metrics_series" time="0.230" /><testcase classname="tests.test_analytics_service" name="test_metrics_placeholder_when_no_events" time="0.157" /><testcase classname="tests.test_analytics_service" name="test_metrics_placeholder_with_events_pending_projection" time="0.130" /><testcase classname="tests.test_analytics_service" name="test_metrics_respects_query_window" time="0.118" /><testcase classname="tests.test_api" name="test_health" time="0.154" /><testcase classname="tests.test_api" name="test_readiness" time="0.154" /><testcase classname="tests.test_api" name="test_ingest_event" time="0.442" /><testcase classname="tests.test_api" name="test_store_metrics_placeholder" time="0.253" /><testcase classname="tests.test_api" name="test_store_not_found" time="0.202" /><testcase classname="tests.test_auth" name="test_ingest_rejects_missing_api_key" time="0.175" /><testcase classname="tests.test_auth" name="test_ingest_accepts_valid_api_key" time="0.200" /><testcase classname="tests.test_ci_coverage" name="test_dashboard_service_get_summary_direct" time="0.261" /><testcase classname="tests.test_ci_coverage" name="test_dashboard_weighted_avg_dwell" time="0.002" /><testcase classname="tests.test_ci_coverage" name="test_funnel_retail_journeys_and_meta" time="0.282" /><testcase classname="tests.test_ci_coverage" name="test_reid_evidence_analyzer_cross_camera" time="0.003" /><testcase classname="tests.test_ci_coverage" name="test_pos_linker_time_window_mode" time="0.003" /><testcase classname="tests.test_ci_coverage" name="test_reid_evidence_service_not_found" time="0.095" /><testcase classname="tests.test_ci_coverage" name="test_heatmap_layout_and_dwell_paths" time="0.205" /><testcase classname="tests.test_ci_coverage" name="test_funnel_purchase_pos_orphan_key" time="0.167" /><testcase classname="tests.test_ci_coverage" name="test_funnel_retail_journeys_store_not_found" time="0.195" /><testcase classname="tests.test_ci_coverage" name="test_dashboard_store_not_found_and_stale_feed" time="0.092" /><testcase classname="tests.test_ci_coverage" name="test_heatmap_service_static_branches" time="0.084" /><testcase classname="tests.test_ci_coverage" name="test_heatmap_load_layout_branches" time="0.091" /><testcase classname="tests.test_ci_coverage" name="test_heatmap_build_visits_skips_non_customer_and_no_dwell" time="0.088" /><testcase classname="tests.test_ci_coverage" name="test_pos_linker_auto_and_empty" time="0.003" /><testcase classname="tests.test_ci_coverage" name="test_reid_handoff_candidates" time="0.001" /><testcase classname="tests.test_dashboard_summary" name="test_dashboard_summary_returns_kpis" time="0.306" /><testcase classname="tests.test_deployment" name="test_root_docker_compose_exists" time="0.002" /><testcase classname="tests.test_deployment" name="test_docker_compose_defines_postgres_and_api" time="0.002" /><testcase classname="tests.test_deployment" name="test_dockerfile_and_entrypoint_exist" time="0.002" /><testcase classname="tests.test_deployment" name="test_env_example_documents_database_url" time="0.003" /><testcase classname="tests.test_funnel_service" name="test_funnel_full_journey" time="0.137" /><testcase classname="tests.test_funnel_service" name="test_funnel_dedupes_same_track_two_sessions" time="0.176" /><testcase classname="tests.test_funnel_service" name="test_funnel_track_events_without_session" time="0.140" /><testcase classname="tests.test_funnel_service" name="test_funnel_purchase_without_session_uses_track_metadata" time="0.133" /><testcase classname="tests.test_funnel_service" name="test_funnel_pos_order_without_track_counts_purchase" time="0.139" /><testcase classname="tests.test_funnel_service" name="test_funnel_browse_skincare_maps_to_zone_visit" time="0.125" /><testcase classname="tests.test_funnel_service" name="test_funnel_api" time="0.181" /><testcase classname="tests.test_heatmap_anomaly_service" name="test_heatmap_zone_metrics" time="0.115" /><testcase classname="tests.test_heatmap_anomaly_service" name="test_heatmap_api" time="0.224" /><testcase classname="tests.test_heatmap_anomaly_service" name="test_anomalies_zone_id_unpacking" time="0.168" /><testcase classname="tests.test_heatmap_anomaly_service" name="test_anomalies_stale_feed" time="0.162" /><testcase classname="tests.test_heatmap_anomaly_service" name="test_anomalies_api" time="0.226" /><testcase classname="tests.test_ingestion_batch" name="test_batch_partial_success" time="0.126" /><testcase classname="tests.test_ingestion_batch" name="test_deduplicate_by_event_id" time="0.129" /><testcase classname="tests.test_ingestion_batch" name="test_batch_api_returns_207" time="0.265" /><testcase classname="tests.test_ingestion_batch" name="test_batch_api_rejects_over_500" time="0.214" /><testcase classname="tests.test_ingestion_batch" name="test_single_ingest_still_works" time="0.209" /><testcase classname="tests.test_metrics_projector" name="test_metrics_projector_writes_footfall_buckets" time="0.146" /><testcase classname="tests.test_metrics_projector" name="test_metrics_projector_skips_staff_events" time="0.116" /><testcase classname="tests.test_metrics_projector" name="test_ingest_triggers_metrics_projection" time="0.145" /><testcase classname="tests.test_metrics_projector" name="test_security_require_api_key_branches" time="0.017" /><testcase classname="tests.test_metrics_projector" name="test_api_key_headers_helper" time="0.008" /><testcase classname="tests.test_observability.TestObservabilityContext" name="test_extract_store_id_from_path" time="0.001" /><testcase classname="tests.test_observability.TestHealthService" name="test_health_ok_with_fresh_feed" time="0.099" /><testcase classname="tests.test_observability.TestHealthService" name="test_health_degraded_stale_feed" time="0.101" /><testcase classname="tests.test_observability.TestHealthService" name="test_health_unhealthy_database_down" time="0.094" /><testcase classname="tests.test_observability" name="test_health_endpoint_enriched" time="0.142" /><testcase classname="tests.test_observability" name="test_health_stale_feed_with_old_event" time="0.166" /><testcase classname="tests.test_observability" name="test_trace_id_header_propagated" time="0.159" /><testcase classname="tests.test_observability" name="test_middleware_logs_structured_fields" time="0.182" /><testcase classname="tests.test_observability" name="test_ingest_sets_event_count_in_logs" time="0.196" /><testcase classname="tests.test_pipeline.TestGeometry" name="test_point_in_polygon" time="0.001" /><testcase classname="tests.test_pipeline.TestGeometry" name="test_line_side_crossing" time="0.001" /><testcase classname="tests.test_pipeline.TestGeometry" name="test_effective_line_side_dead_zone" time="0.003" /><testcase classname="tests.test_pipeline.TestGeometry" name="test_scale_polygon_shrinks" time="0.002" /><testcase classname="tests.test_pipeline.TestGeometry" name="test_bbox_foot_point" time="0.002" /><testcase classname="tests.test_pipeline.TestSessionManager" name="test_entry_exit_and_reentry_after_cooldown" time="0.001" /><testcase classname="tests.test_pipeline.TestSessionManager" name="test_get_active_session" time="0.001" /><testcase classname="tests.test_pipeline.TestSessionManager" name="test_attach_recovered_session_within_merge_window" time="0.002" /><testcase classname="tests.test_pipeline.TestGlobalIdentityRegistry" name="test_cross_camera_match" time="0.002" /><testcase classname="tests.test_pipeline.TestGlobalIdentityRegistry" name="test_same_camera_recovery_after_track_drop" time="0.002" /><testcase classname="tests.test_pipeline.TestTrackRecoveryRegistry" name="test_recovers_recent_same_camera_track" time="0.002" /><testcase classname="tests.test_pipeline.TestCrossCameraDedup" name="test_suppresses_floor_aisle_when_billing_active" time="0.001" /><testcase classname="tests.test_pipeline.TestZoneAnalyzer" name="test_entry_line_emits_direction" time="0.003" /><testcase classname="tests.test_pipeline.TestZoneAnalyzer" name="test_entrance_suppressed_after_entry_threshold" time="0.002" /><testcase classname="tests.test_pipeline.TestZoneAnalyzer" name="test_polygon_exit_requires_min_dwell" time="0.002" /><testcase classname="tests.test_pipeline.TestEventBuilder" name="test_zone_event_matches_ingest_schema" time="0.001" /><testcase classname="tests.test_pipeline.TestDetector" name="test_build_mock_detector" time="0.002" /><testcase classname="tests.test_pipeline.TestDetector" name="test_yolo_bbox_filters" time="0.002" /><testcase classname="tests.test_pipeline.TestStaffClassifier" name="test_billing_uniform_faster_threshold" time="0.005" /><testcase classname="tests.test_pipeline.TestStaffClassifier" name="test_billing_long_presence" time="0.005" /><testcase classname="tests.test_pipeline.TestStaffClassifier" name="test_billing_zone_dwell" time="0.006" /><testcase classname="tests.test_pipeline.TestStaffClassifier" name="test_repeated_shuttle" time="0.005" /><testcase classname="tests.test_pipeline.TestStaffClassifier" name="test_repeated_movement_loiter" time="0.008" /><testcase classname="tests.test_pipeline.TestStaffClassifier" name="test_staff_zone_events_suppressed" time="0.002" /><testcase classname="tests.test_pipeline.TestStaffClassifier" name="test_mark_staff_ends_visitor_session" time="0.002" /><testcase classname="tests.test_pipeline.TestStaffClassifier" name="test_gir_staff_not_merged_into_visitor" time="0.002" /><testcase classname="tests.test_reid_evidence" name="test_p0_solo_handoff_links_entry_to_floor" time="0.002" /><testcase classname="tests.test_reid_evidence" name="test_reid_evidence_api" time="0.157" /><testcase classname="tests.test_reid_evidence" name="test_reid_evidence_cross_camera_detection" time="0.114" /><testcase classname="tests.test_repositories" name="test_event_idempotent_ingest" time="0.244" /><testcase classname="tests.test_repositories" name="test_event_list_by_store_uses_indexed_columns" time="0.336" /><testcase classname="tests.test_repositories" name="test_transaction_external_ref_dedup" time="0.469" /><testcase classname="tests.test_repositories" name="test_store_metric_upsert_idempotent" time="0.441" /><testcase classname="tests.test_repositories" name="test_anomaly_list_unresolved" time="0.391" /><testcase classname="tests.test_repositories" name="test_visit_session_active_by_track" time="0.268" /><testcase classname="tests.test_retail_journey" name="test_pos_linker_sequential_match" time="0.015" /><testcase classname="tests.test_retail_journey" name="test_funnel_linked_pos_purchase_counts_on_track" time="0.458" /><testcase classname="tests.test_retail_journey" name="test_retail_journeys_api" time="0.241" /><testcase classname="tests.test_video_discovery" name="test_normalize_video_key[CAM 1.mp4-cam1]" time="0.003" /><testcase classname="tests.test_video_discovery" name="test_normalize_video_key[cam_1.mp4-cam1]" time="0.002" /><testcase classname="tests.test_video_discovery" name="test_normalize_video_key[CAM1.MP4-cam1]" time="0.002" /><testcase classname="tests.test_video_discovery" name="test_discover_mp4_files_recursive" time="0.016" /><testcase classname="tests.test_video_discovery" name="test_match_video_to_camera" time="0.003" /><testcase classname="tests.test_video_discovery" name="test_build_video_targets_dedupes_camera" time="0.009" /><testcase classname="tests.test_ws_dashboard" name="test_dashboard_static_served" time="0.265" /><testcase classname="tests.test_ws_dashboard" name="test_websocket_live_feed" time="0.225" /><testcase classname="tests.unit.test_anomaly_detector.TestAnomalyDetector" name="test_queue_spike_critical" time="0.002" /><testcase classname="tests.unit.test_anomaly_detector.TestAnomalyDetector" name="test_conversion_drop_warn" time="0.001" /><testcase classname="tests.unit.test_anomaly_detector.TestAnomalyDetector" name="test_dead_zone" time="0.002" /><testcase classname="tests.unit.test_anomaly_detector.TestAnomalyDetector" name="test_stale_feed_critical_when_no_events" time="0.002" /><testcase classname="tests.unit.test_anomaly_detector.TestAnomalyDetector" name="test_stale_feed_warn" time="0.002" /><testcase classname="tests.unit.test_anomaly_detector.TestAnomalyDetector" name="test_no_anomalies_when_healthy" time="0.001" /><testcase classname="tests.unit.test_anomaly_detector.TestAnomalyDetector" name="test_queue_spike_warn_severity" time="0.001" /><testcase classname="tests.unit.test_anomaly_detector.TestAnomalyDetector" name="test_conversion_drop_critical" time="0.001" /><testcase classname="tests.unit.test_anomaly_detector.TestAnomalyDetector" name="test_stale_feed_critical_after_sixty_minutes" time="0.002" /><testcase classname="tests.unit.test_app_infrastructure.TestSettings" name="test_is_production_and_json_logs" time="0.008" /><testcase classname="tests.unit.test_app_infrastructure.TestLoggingConfig" name="test_setup_logging_json_and_console" time="0.010" /><testcase classname="tests.unit.test_app_infrastructure.TestLoggingConfig" name="test_bind_context_syncs_trace_and_correlation" time="0.002" /><testcase classname="tests.unit.test_app_infrastructure.TestLoggingConfig" name="test_bind_trace_alias" time="0.001" /><testcase classname="tests.unit.test_app_infrastructure.TestDatabase" name="test_create_engine_postgres_pool_options" time="0.151" /><testcase classname="tests.unit.test_app_infrastructure.TestDatabase" name="test_get_db_session_commits_on_success" time="0.129" /><testcase classname="tests.unit.test_app_infrastructure.TestDatabase" name="test_get_db_session_rolls_back_on_error" time="0.085" /><testcase classname="tests.unit.test_app_infrastructure.TestDatabase" name="test_check_database_connection_failure" time="0.010" /><testcase classname="tests.unit.test_app_infrastructure.TestDatabase" name="test_dispose_engine_clears_singleton" time="0.010" /><testcase classname="tests.unit.test_app_infrastructure.TestExceptions" name="test_app_error_and_subclasses" time="0.001" /><testcase classname="tests.unit.test_app_infrastructure.TestObservabilityContext" name="test_resolve_endpoint_without_route" time="0.002" /><testcase classname="tests.unit.test_app_infrastructure.TestObservabilityContext" name="test_bind_and_request_state" time="0.001" /><testcase classname="tests.unit.test_app_infrastructure.TestObservabilityContext" name="test_health_as_utc_naive" time="0.003" /><testcase classname="tests.unit.test_business_story" name="test_stage_business_labels" time="0.003" /><testcase classname="tests.unit.test_business_story" name="test_business_story_meta_structure" time="0.001" /><testcase classname="tests.unit.test_coverage_completion" name="test_event_repository_integrity_error_returns_duplicate_key" time="0.108" /><testcase classname="tests.unit.test_coverage_completion" name="test_event_ingest_existing_id_in_batch" time="0.119" /><testcase classname="tests.unit.test_coverage_completion" name="test_readiness_returns_503_when_db_down" time="0.220" /><testcase classname="tests.unit.test_coverage_completion" name="test_log_request_context_binds_fields" time="0.011" /><testcase classname="tests.unit.test_coverage_completion" name="test_funnel_purchase_without_session" time="0.135" /><testcase classname="tests.unit.test_coverage_completion" name="test_heatmap_overall_confidence_mixed_and_low_only" time="0.004" /><testcase classname="tests.unit.test_coverage_completion" name="test_router_non_object_body" time="0.158" /><testcase classname="tests.unit.test_coverage_completion" name="test_validation_duplicate_idempotency_in_batch" time="0.093" /><testcase classname="tests.unit.test_coverage_completion" name="test_validation_cached_tenant_mismatch" time="0.116" /><testcase classname="tests.unit.test_coverage_completion" name="test_validation_store_id_from_payload" time="0.095" /><testcase classname="tests.unit.test_coverage_completion" name="test_health_repository_scoped_to_store" time="0.102" /><testcase classname="tests.unit.test_coverage_completion" name="test_store_metric_postgresql_upsert_path" time="0.105" /><testcase classname="tests.unit.test_coverage_final" name="test_event_repository_integrity_error_duplicate_id" time="0.094" /><testcase classname="tests.unit.test_coverage_final" name="test_event_repository_integrity_error_reraises" time="0.110" /><testcase classname="tests.unit.test_coverage_final" name="test_event_repository_list_filters" time="0.106" /><testcase classname="tests.unit.test_coverage_final" name="test_store_metric_integrity_error_recovery" time="0.138" /><testcase classname="tests.unit.test_coverage_final" name="test_transaction_integrity_error_external_ref" time="0.147" /><testcase classname="tests.unit.test_coverage_final" name="test_transaction_duplicate_external_ref_before_create" time="0.140" /><testcase classname="tests.unit.test_coverage_final" name="test_visit_session_list_to_ts_filter" time="0.102" /><testcase classname="tests.unit.test_coverage_final" name="test_crud_delete_by_id_success" time="0.134" /><testcase classname="tests.unit.test_coverage_final" name="test_funnel_cross_boundary_session_fetch" time="0.138" /><testcase classname="tests.unit.test_coverage_final" name="test_funnel_event_without_session_id" time="0.109" /><testcase classname="tests.unit.test_coverage_final" name="test_router_http_status_resolution" time="0.002" /><testcase classname="tests.unit.test_coverage_final" name="test_bind_ingest_observability_empty_batch" time="0.002" /><testcase classname="tests.unit.test_coverage_final" name="test_router_batch_partial_success_207" time="0.178" /><testcase classname="tests.unit.test_coverage_final" name="test_health_endpoint_returns_503_when_db_down" time="0.146" /><testcase classname="tests.unit.test_coverage_final" name="test_heatmap_service_store_not_found" time="0.119" /><testcase classname="tests.unit.test_coverage_final" name="test_heatmap_exit_without_dwell_skipped" time="0.003" /><testcase classname="tests.unit.test_coverage_final" name="test_heatmap_overall_confidence_medium_only" time="0.002" /><testcase classname="tests.unit.test_coverage_final" name="test_anomaly_zone_summaries_skip_non_customer_and_missing_zone" time="0.100" /><testcase classname="tests.unit.test_coverage_final" name="test_anomaly_merge_skips_computed_duplicate_type" time="0.089" /><testcase classname="tests.unit.test_coverage_final.TestAnomalyDetectorEdgeBranches" name="test_queue_spike_skips_low_baseline_and_no_growth" time="0.001" /><testcase classname="tests.unit.test_coverage_final.TestAnomalyDetectorEdgeBranches" name="test_dead_zone_skips_when_peak_zero" time="0.001" /><testcase classname="tests.unit.test_event_validation_service" name="test_validation_rejects_invalid_event_type" time="0.004" /><testcase classname="tests.unit.test_event_validation_service" name="test_validation_rejects_missing_store_id" time="0.005" /><testcase classname="tests.unit.test_event_validation_service" name="test_validation_rejects_duplicate_event_id_in_batch" time="0.005" /><testcase classname="tests.unit.test_event_validation_service" name="test_validation_rejects_unknown_store" time="0.006" /><testcase classname="tests.unit.test_event_validation_service" name="test_validation_rejects_tenant_store_mismatch" time="0.005" /><testcase classname="tests.unit.test_event_validation_service" name="test_validation_accepts_valid_event" time="0.004" /><testcase classname="tests.unit.test_funnel_calculator.TestFunnelCalculator" name="test_full_funnel_with_drop_off" time="0.003" /><testcase classname="tests.unit.test_funnel_calculator.TestFunnelCalculator" name="test_re_entry_increments_but_not_count" time="0.002" /><testcase classname="tests.unit.test_funnel_calculator.TestFunnelCalculator" name="test_visitor_dedupe_by_track_key" time="0.002" /><testcase classname="tests.unit.test_funnel_calculator.TestFunnelCalculator" name="test_empty_period" time="0.001" /><testcase classname="tests.unit.test_funnel_calculator.TestFunnelCalculator" name="test_conversion_capped_when_downstream_exceeds_upstream" time="0.002" /><testcase classname="tests.unit.test_funnel_calculator.TestFunnelCalculator" name="test_zero_purchases_empty_funnel_stages" time="0.002" /><testcase classname="tests.unit.test_funnel_calculator.TestFunnelCalculator" name="test_reentry_does_not_inflate_conversion" time="0.002" /><testcase classname="tests.unit.test_funnel_calculator.TestFunnelCalculator" name="test_duplicate_sessions_same_track_deduped" time="0.002" /><testcase classname="tests.unit.test_funnel_calculator.TestFunnelCalculator" name="test_sequential_conversion_ignores_skipped_upstream_visitors" time="0.002" /><testcase classname="tests.unit.test_heatmap_calculator.TestHeatmapCalculator" name="test_aggregates_visits_and_dwell" time="0.002" /><testcase classname="tests.unit.test_heatmap_calculator.TestHeatmapCalculator" name="test_normalization_single_zone" time="0.002" /><testcase classname="tests.unit.test_heatmap_calculator.TestHeatmapCalculator" name="test_data_confidence_levels" time="0.002" /><testcase classname="tests.unit.test_heatmap_calculator.TestHeatmapCalculator" name="test_empty_period" time="0.001" /><testcase classname="tests.unit.test_heatmap_layout.TestStoreLayoutMapping" name="test_maps_camera_zone_to_layout_label" time="0.087" /><testcase classname="tests.unit.test_heatmap_layout.TestStoreLayoutMapping" name="test_merges_aisle_zones_into_foh" time="0.102" /><testcase classname="tests.unit.test_heatmap_layout.TestStoreLayoutMapping" name="test_zone_type_fallback_when_no_zone_id" time="0.106" /><testcase classname="tests.unit.test_heatmap_layout.TestStoreLayoutMapping" name="test_layout_zone_catalog_covers_checkout" time="0.123" /><testcase classname="tests.unit.test_heatmap_layout.TestStoreLayoutMapping" name="test_brand_bays_documented" time="0.092" /><testcase classname="tests.unit.test_ingestion_router_branches" name="test_single_ingest_raises_on_rejection" time="0.114" /><testcase classname="tests.unit.test_ingestion_router_branches" name="test_ingest_persistence_error_returns_rejected" time="0.101" /><testcase classname="tests.unit.test_ingestion_router_branches" name="test_router_rejects_invalid_json" time="0.163" /><testcase classname="tests.unit.test_ingestion_router_branches" name="test_router_batch_too_large_problem_detail" time="0.182" /><testcase classname="tests.unit.test_ingestion_router_branches" name="test_schema_version_validator_rejects_bad_semver" time="0.002" /><testcase classname="tests.unit.test_observability_utils" name="test_extract_store_id_case_insensitive" time="0.002" /><testcase classname="tests.unit.test_observability_utils" name="test_log_http_request_emits_required_fields" time="0.002" /><testcase classname="tests.unit.test_observability_utils" name="test_resolve_endpoint_uses_route_template" time="0.001" /><testcase classname="tests.unit.test_pipeline" name="test_point_in_polygon" time="0.001" /><testcase classname="tests.unit.test_pipeline" name="test_mock_detector_returns_person" time="0.002" /><testcase classname="tests.unit.test_pipeline" name="test_session_reentry_within_cooldown" time="0.002" /><testcase classname="tests.unit.test_pipeline" name="test_global_identity_registry_assigns_store_prefix" time="0.002" /><testcase classname="tests.unit.test_pipeline" name="test_pipeline_mock_frame_produces_events" time="0.167" /><testcase classname="tests.unit.test_pipeline" name="test_emitter_writes_jsonl" time="0.007" /><testcase classname="tests.unit.test_pipeline_ingest" name="test_validate_pipeline_event_dict" time="0.002" /><testcase classname="tests.unit.test_pipeline_ingest" name="test_sample_files_pass_validation" time="0.045" /><testcase classname="tests.unit.test_repository_coverage" name="test_analytics_repository_rollups_and_has_data" time="0.110" /><testcase classname="tests.unit.test_repository_coverage" name="test_domain_event_repository_crud_and_count" time="0.108" /><testcase classname="tests.unit.test_repository_coverage" name="test_crud_repository_update_delete_list" time="0.143" /><testcase classname="tests.unit.test_repository_coverage" name="test_visit_session_list_filters" time="0.101" /><testcase classname="tests.unit.test_repository_coverage" name="test_store_repository_tenant_lookup" time="0.101" /><testcase classname="tests.unit.test_repository_coverage" name="test_event_repository_duplicate_id_and_filters" time="0.110" /><testcase classname="tests.unit.test_repository_coverage" name="test_transaction_list_and_no_external_ref" time="0.112" /><testcase classname="tests.unit.test_repository_coverage" name="test_store_metric_get_by_store_and_has_data" time="0.117" /><testcase classname="tests.unit.test_repository_coverage" name="test_anomaly_repository_resolve_and_filters" time="0.125" /><testcase classname="tests.unit.test_service_branches" name="test_funnel_service_not_found" time="0.126" /><testcase classname="tests.unit.test_service_branches" name="test_funnel_service_staff_session_and_signal_edges" time="0.171" /><testcase classname="tests.unit.test_service_branches" name="test_funnel_service_resolve_helpers_directly" time="0.100" /><testcase classname="tests.unit.test_service_branches" name="test_heatmap_service_dwell_and_confidence_branches" time="0.111" /><testcase classname="tests.unit.test_service_branches" name="test_anomaly_service_merge_persisted_and_custom_queue" time="0.173" /><testcase classname="tests.unit.test_service_branches" name="test_anomaly_service_not_found" time="0.094" /><testcase classname="tests.unit.test_service_branches" name="test_analytics_service_store_not_found" time="0.094" /><testcase classname="tests.unit.test_service_branches" name="test_funnel_repository_empty_session_ids" time="0.091" /><testcase classname="tests.unit.test_vision_filters" name="test_staff_class_label_excluded" time="0.002" /><testcase classname="tests.unit.test_vision_filters" name="test_staff_only_zone_excluded" time="0.002" /><testcase classname="tests.unit.test_vision_filters" name="test_visitor_event_included" time="0.002" /><testcase classname="tests.unit.test_vision_filters" name="test_staff_session_excluded" time="0.001" /><testcase classname="tests.unit.test_vision_filters" name="test_visitor_session_included" time="0.008" /></testsuite></testsuites>